<?xml version="1.0" encoding="UTF-8"?>
<!-- Generated by org.testng.reporters.JUnitXMLReporter -->
<testsuite ignored="2" hostname="HNBA113978" failures="0" tests="5" name="Surefire test" time="35.644" errors="0" timestamp="2022-04-29T14:01:19 MSK">
  <testcase classname="scenario.MainTest" name="test1" time="16.451"/>
  <testcase classname="scenario.MainTest" name="test2" time="5.479"/>
  <testcase classname="scenario.MainTest" name="test3" time="4.433"/>
  <testcase classname="scenario.MainTest" name="test4" time="4.217"/>
  <testcase classname="scenario.MainTest" name="test5" time="4.623"/>
  <testcase classname="common.BaseTest" name="@BeforeTest setupTest" time="0.0">
    <ignored/>
  </testcase> <!-- @BeforeTest setupTest -->
  <testcase classname="common.BaseTest" name="@AfterTest cleanupTest" time="0.0">
    <ignored/>
  </testcase> <!-- @AfterTest cleanupTest -->
</testsuite> <!-- Surefire test -->
