<?xml version="1.0" encoding="UTF-8"?>
<testng-results ignored="2" total="7" passed="5" failed="0" skipped="0">
  <reporter-output>
  </reporter-output>
  <suite started-at="2022-04-29T14:00:43 MSK" name="Surefire suite" finished-at="2022-04-29T14:01:19 MSK" duration-ms="35644">
    <groups>
    </groups>
    <test started-at="2022-04-29T14:00:43 MSK" name="Surefire test" finished-at="2022-04-29T14:01:19 MSK" duration-ms="35644">
      <class name="common.BaseTest">
        <test-method is-config="true" signature="setupSuite()[pri:0, instance:common.BaseTest@184cf7cf]" started-at="2022-04-29T14:00:43 MSK" name="setupSuite" finished-at="2022-04-29T14:00:43 MSK" duration-ms="22" status="PASS">
          <reporter-output>
          </reporter-output>
        </test-method> <!-- setupSuite -->
        <test-method is-config="true" signature="setupTest()[pri:0, instance:common.BaseTest@184cf7cf]" started-at="2022-04-29T14:00:43 MSK" name="setupTest" finished-at="2022-04-29T14:00:43 MSK" duration-ms="2" status="PASS">
          <reporter-output>
          </reporter-output>
        </test-method> <!-- setupTest -->
        <test-method is-config="true" signature="cleanupTest()[pri:0, instance:common.BaseTest@184cf7cf]" started-at="2022-04-29T14:01:18 MSK" name="cleanupTest" finished-at="2022-04-29T14:01:19 MSK" duration-ms="372" status="PASS">
          <reporter-output>
          </reporter-output>
        </test-method> <!-- cleanupTest -->
      </class> <!-- common.BaseTest -->
      <class name="scenario.MainTest">
        <test-method signature="test1()[pri:0, instance:scenario.MainTest@d706f19]" started-at="2022-04-29T14:00:43 MSK" name="test1" finished-at="2022-04-29T14:00:59 MSK" duration-ms="16451" status="PASS">
          <reporter-output>
          </reporter-output>
        </test-method> <!-- test1 -->
        <test-method signature="test2()[pri:0, instance:scenario.MainTest@d706f19]" started-at="2022-04-29T14:00:59 MSK" name="test2" finished-at="2022-04-29T14:01:05 MSK" duration-ms="5479" status="PASS">
          <reporter-output>
          </reporter-output>
        </test-method> <!-- test2 -->
        <test-method signature="test3()[pri:0, instance:scenario.MainTest@d706f19]" started-at="2022-04-29T14:01:05 MSK" name="test3" finished-at="2022-04-29T14:01:09 MSK" duration-ms="4433" status="PASS">
          <reporter-output>
          </reporter-output>
        </test-method> <!-- test3 -->
        <test-method signature="test4()[pri:0, instance:scenario.MainTest@d706f19]" started-at="2022-04-29T14:01:09 MSK" name="test4" finished-at="2022-04-29T14:01:14 MSK" duration-ms="4217" status="PASS">
          <reporter-output>
          </reporter-output>
        </test-method> <!-- test4 -->
        <test-method signature="test5()[pri:0, instance:scenario.MainTest@d706f19]" started-at="2022-04-29T14:01:14 MSK" name="test5" finished-at="2022-04-29T14:01:18 MSK" duration-ms="4623" status="PASS">
          <reporter-output>
          </reporter-output>
        </test-method> <!-- test5 -->
      </class> <!-- scenario.MainTest -->
    </test> <!-- Surefire test -->
  </suite> <!-- Surefire suite -->
</testng-results>
